<?xml version="1.0" encoding="UTF-8"?>
<!-- Generated by org.testng.reporters.JUnitXMLReporter -->
<testsuite ignored="0" hostname="DESKTOP-CI2T2L0" failures="0" tests="3" name="BankingApp Test" time="64.953" errors="0" timestamp="2020-07-03T11:00:04 EDT">
  <testcase classname="com.inetbanking.testCases.TC_LoginDDT_002" name="loginDDT" time="12.518"/>
  <testcase classname="com.inetbanking.testCases.TC_LoginDDT_002" name="loginDDT" time="11.24"/>
  <testcase classname="com.inetbanking.testCases.TC_LoginDDT_003" name="addNewCustomer" time="27.038"/>
</testsuite> <!-- BankingApp Test -->
