<?xml version="1.0" encoding="UTF-8"?>
<testsuite name="TestSuite" time="42.359" tests="3" errors="0" skipped="0" failures="1">
  <properties>
[...]
</properties>
  <testcase name="loginDDT" classname="com.inetbanking.testCases.TC_LoginDDT_002" time="14.074"/>
  <testcase name="loginDDT" classname="com.inetbanking.testCases.TC_LoginDDT_002" time="7.227">
    <failure message="expected [true] but found [false]" type="java.lang.AssertionError">java.lang.AssertionError: expected [true] but found [false]
	at org.testng.Assert.fail(Assert.java:97)
	at org.testng.Assert.failNotEquals(Assert.java:969)
	at org.testng.Assert.assertTrue(Assert.java:43)
	at org.testng.Assert.assertTrue(Assert.java:53)
	at com.inetbanking.testCases.TC_LoginDDT_002.loginDDT(TC_LoginDDT_002.java:33)
</failure>
    <system-out><![CDATA[ INFO [main] (TC_LoginDDT_002.java:22)- user name provided
 INFO [main] (TC_LoginDDT_002.java:24)- password provided
]]></system-out>
  </testcase>
  <testcase name="addNewCustomer" classname="com.inetbanking.testCases.TC_LoginDDT_003" time="28.285"/>
</testsuite>